#
# A fatal error has been detected by the Java Runtime Environment:
#
#  EXCEPTION_ACCESS_VIOLATION (0xc0000005) at pc=0x00007ff86e5abfd3, pid=20704, tid=21940
#
# JRE version: Java(TM) SE Runtime Environment (12.0.1+12) (build 12.0.1+12)
# Java VM: Java HotSpot(TM) 64-Bit Server VM (12.0.1+12, mixed mode, sharing, tiered, compressed oops, g1 gc, windows-amd64)
# Problematic frame:
# V  [jvm.dll+0x34bfd3]
#
# No core dump will be written. Minidumps are not enabled by default on client versions of Windows
#
# If you would like to submit a bug report, please visit:
#   http://bugreport.java.com/bugreport/crash.jsp
#

---------------  S U M M A R Y ------------

Command Line: -agentlib:jdwp=transport=dt_socket,suspend=y,address=localhost:51648 -javaagent:C:\Users\cuest\eclipse\java-2021-09\eclipse\configuration\org.eclipse.osgi\222\0\.cp\lib\javaagent-shaded.jar -Dfile.encoding=Cp1252 jsonParse.JsonParse

Host: 11th Gen Intel(R) Core(TM) i5-1135G7 @ 2.40GHz, 8 cores, 7G,  Windows 10 , 64 bit Build 19041 (10.0.19041.1348)
Time: Sun Dec 19 17:15:41 2021 Hora estándar romance elapsed time: 561 seconds (0d 0h 9m 21s)

---------------  T H R E A D  ---------------

Current thread (0x0000023096790800):  VMThread "VM Thread" [stack: 0x000000342ee00000,0x000000342ef00000] [id=21940]

Stack: [0x000000342ee00000,0x000000342ef00000],  sp=0x000000342eefee50,  free space=1019k
Native frames: (J=compiled Java code, j=interpreted, Vv=VM code, C=native code)
V  [jvm.dll+0x34bfd3]
V  [jvm.dll+0x3501f7]
V  [jvm.dll+0x3506fa]
V  [jvm.dll+0x34c2a2]
V  [jvm.dll+0x628425]
V  [jvm.dll+0x6281ad]
V  [jvm.dll+0x5ef77a]
V  [jvm.dll+0x504387]
V  [jvm.dll+0x78dccc]
V  [jvm.dll+0x791b27]
V  [jvm.dll+0x792366]
V  [jvm.dll+0x792697]
V  [jvm.dll+0x748648]
V  [jvm.dll+0x638566]
C  [ucrtbase.dll+0x21bb2]
C  [KERNEL32.DLL+0x17034]
C  [ntdll.dll+0x52651]


siginfo: EXCEPTION_ACCESS_VIOLATION (0xc0000005), reading address 0xffffffffffffffff


Register to memory mapping:

RIP=0x00007ff86e5abfd3 jvm.dll
RAX=0x00000230967768b0 points into unknown readable memory: 01 00 00 00 00 40 00 00
RBX=0x000000342eeff020 points into unknown readable memory: 58 b4 b3 6e f8 7f 00 00
RCX=0x000000342eeff090 points into unknown readable memory: b0 68 77 96 30 02 00 00
RDX=0xffffffffffff852e is an unknown value
RSP=0x000000342eefee50 points into unknown readable memory: 30 00 00 00 00 00 00 00
RBP=0x00007ff86e5abfb0 jvm.dll
RSI=0x0 is NULL
RDI=0x00000000000000a1 is an unknown value
R8 =0x03fffffffffffe14 is an unknown value
R9 =0x000000000000002e is an unknown value
R10=0x000000080120abd8 is a pointer to class: 
jsonParse.JsonParse {0x000000080120abe0}
R11=0x0 is NULL
R12=0x0000000000000001 is an unknown value
R13=0x00007ff86e260000 jvm.dll
R14=0x0000023096c48ee7 is pointing into metadata
R15=0x0000000000000087 is an unknown value


Registers:
RAX=0x00000230967768b0, RBX=0x000000342eeff020, RCX=0x000000342eeff090, RDX=0xffffffffffff852e
RSP=0x000000342eefee50, RBP=0x00007ff86e5abfb0, RSI=0x0000000000000000, RDI=0x00000000000000a1
R8 =0x03fffffffffffe14, R9 =0x000000000000002e, R10=0x000000080120abd8, R11=0x0000000000000000
R12=0x0000000000000001, R13=0x00007ff86e260000, R14=0x0000023096c48ee7, R15=0x0000000000000087
RIP=0x00007ff86e5abfd3, EFLAGS=0x0000000000010a07

Top of Stack: (sp=0x000000342eefee50)
0x000000342eefee50:   0000000000000030 00000230f5850e10
0x000000342eefee60:   0000000000000025 0000000000000000
0x000000342eefee70:   000000342eeff020 00007ff86e5b01f7
0x000000342eefee80:   000000342eeff020 000000000000000c
0x000000342eefee90:   0000000000000000 00007ff86e38aa9e
0x000000342eefeea0:   000000342eefeef0 0000023096790800
0x000000342eefeeb0:   0000023096776be8 0000023096c48ee7
0x000000342eefeec0:   00000000000000a1 00007ff86e5b06fa
0x000000342eefeed0:   000000342eeff020 0000000000000087
0x000000342eefeee0:   00000000000000a1 00000230f5850e10
0x000000342eefeef0:   0000023096c48fb8 0000023096790800
0x000000342eefef00:   0000008a00000087 000000a1000000af
0x000000342eefef10:   000000af00000000 ffffffff000000a1
0x000000342eefef20:   0000023096776be8 0000000000000000
0x000000342eefef30:   00007ff86ed377b0 00000000000003d8
0x000000342eefef40:   0000023096776860 00007ff86e5ac2a2 

Instructions: (pc=0x00007ff86e5abfd3)
0x00007ff86e5abfb3:   83 ec 20 48 63 d2 48 8b d9 0f b6 c2 48 83 c1 70
0x00007ff86e5abfc3:   24 3f 4c 8b c2 44 0f b6 c8 49 c1 e8 06 48 8b 01
0x00007ff86e5abfd3:   4e 8b 04 c0 4d 0f a3 c8 72 0b 41 b0 01 e8 9b e1
0x00007ff86e5abfe3:   dc ff ff 43 6c 48 83 c4 20 5b c3 cc cc 8b c2 4c 


Stack slot to memory mapping:
stack at sp + 0 slots: 0x0000000000000030 is an unknown value
stack at sp + 1 slots: 0x00000230f5850e10 points into unknown readable memory: 00 00 00 00 00 00 00 00
stack at sp + 2 slots: 0x0000000000000025 is an unknown value
stack at sp + 3 slots: 0x0 is NULL
stack at sp + 4 slots: 0x000000342eeff020 points into unknown readable memory: 58 b4 b3 6e f8 7f 00 00
stack at sp + 5 slots: 0x00007ff86e5b01f7 jvm.dll
stack at sp + 6 slots: 0x000000342eeff020 points into unknown readable memory: 58 b4 b3 6e f8 7f 00 00
stack at sp + 7 slots: 0x000000000000000c is an unknown value

VM_Operation (0x000000342f8feda0): GetOrSetLocal, mode: safepoint, requested by thread 0x0000023097378800


---------------  P R O C E S S  ---------------

Threads class SMR info:
_java_thread_list=0x000002309736f550, length=13, elements={
0x00000230f7ae9800, 0x0000023096793000, 0x0000023096794800, 0x00000230967b0800,
0x00000230967b3800, 0x00000230967b9000, 0x00000230967c0000, 0x00000230967c1800,
0x00000230971ff000, 0x0000023097378800, 0x00000230972f4800, 0x0000023097301000,
0x000002309748e000
}

Java Threads: ( => current thread )
  0x00000230f7ae9800 JavaThread "main" [_thread_blocked, id=18316, stack(0x000000342e800000,0x000000342e900000)]
  0x0000023096793000 JavaThread "Reference Handler" daemon [_thread_blocked, id=13736, stack(0x000000342ef00000,0x000000342f000000)]
  0x0000023096794800 JavaThread "Finalizer" daemon [_thread_blocked, id=10608, stack(0x000000342f000000,0x000000342f100000)]
  0x00000230967b0800 JavaThread "Signal Dispatcher" daemon [_thread_blocked, id=17276, stack(0x000000342f100000,0x000000342f200000)]
  0x00000230967b3800 JavaThread "Attach Listener" daemon [_thread_blocked, id=13508, stack(0x000000342f200000,0x000000342f300000)]
  0x00000230967b9000 JavaThread "C2 CompilerThread0" daemon [_thread_blocked, id=21632, stack(0x000000342f300000,0x000000342f400000)]
  0x00000230967c0000 JavaThread "C1 CompilerThread0" daemon [_thread_blocked, id=16260, stack(0x000000342f400000,0x000000342f500000)]
  0x00000230967c1800 JavaThread "Sweeper thread" daemon [_thread_blocked, id=16632, stack(0x000000342f500000,0x000000342f600000)]
  0x00000230971ff000 JavaThread "Common-Cleaner" daemon [_thread_blocked, id=13752, stack(0x000000342f600000,0x000000342f700000)]
  0x0000023097378800 JavaThread "JDWP Transport Listener: dt_socket" daemon [_thread_blocked, id=18792, stack(0x000000342f800000,0x000000342f900000)] _threads_hazard_ptr=0x000002309736f550
  0x00000230972f4800 JavaThread "JDWP Event Helper Thread" daemon [_thread_blocked, id=8656, stack(0x000000342f900000,0x000000342fa00000)]
  0x0000023097301000 JavaThread "JDWP Command Reader" daemon [_thread_in_native, id=4516, stack(0x000000342fa00000,0x000000342fb00000)]
  0x000002309748e000 JavaThread "Service Thread" daemon [_thread_blocked, id=8684, stack(0x000000342f700000,0x000000342f800000)]

Other Threads:
=>0x0000023096790800 VMThread "VM Thread" [stack: 0x000000342ee00000,0x000000342ef00000] [id=21940]
  0x000002309750a800 WatcherThread [stack: 0x000000342fb00000,0x000000342fc00000] [id=2104]
  0x00000230f7b26800 GCTaskThread "GC Thread#0" [stack: 0x000000342e900000,0x000000342ea00000] [id=9444]
  0x00000230f7b34800 ConcurrentGCThread "G1 Main Marker" [stack: 0x000000342ea00000,0x000000342eb00000] [id=13368]
  0x00000230f7b36000 ConcurrentGCThread "G1 Conc#0" [stack: 0x000000342eb00000,0x000000342ec00000] [id=15928]
  0x0000023096610800 ConcurrentGCThread "G1 Refine#0" [stack: 0x000000342ec00000,0x000000342ed00000] [id=15852]
  0x0000023096611800 ConcurrentGCThread "G1 Young RemSet Sampling" [stack: 0x000000342ed00000,0x000000342ee00000] [id=20204]

Threads with active compile tasks:

VM state:at safepoint (normal execution)

VM Mutex/Monitor currently owned by a thread:  ([mutex/lock_event])
[0x00000230f7ae4ea0] Threads_lock - owner thread: 0x0000023096790800

Heap address: 0x0000000083200000, size: 1998 MB, Compressed Oops mode: 32-bit
Narrow klass base: 0x0000000800000000, Narrow klass shift: 3
Compressed class space size: 1073741824 Address: 0x00000008011a0000

Heap:
 garbage-first heap   total 129024K, used 9216K [0x0000000083200000, 0x0000000100000000)
  region size 1024K, 11 young (11264K), 0 survivors (0K)
 Metaspace       used 2878K, capacity 4973K, committed 5120K, reserved 1056768K
  class space    used 260K, capacity 443K, committed 512K, reserved 1048576K
Heap Regions: E=young(eden), S=young(survivor), O=old, HS=humongous(starts), HC=humongous(continues), CS=collection set, F=free, A=archive, TAMS=top-at-mark-start (previous, next)
|   0|0x0000000083200000, 0x0000000083200000, 0x0000000083300000|  0%| F|  |TAMS 0x0000000083200000, 0x0000000083200000| Untracked 
|   1|0x0000000083300000, 0x0000000083300000, 0x0000000083400000|  0%| F|  |TAMS 0x0000000083300000, 0x0000000083300000| Untracked 
|   2|0x0000000083400000, 0x0000000083400000, 0x0000000083500000|  0%| F|  |TAMS 0x0000000083400000, 0x0000000083400000| Untracked 
|   3|0x0000000083500000, 0x0000000083500000, 0x0000000083600000|  0%| F|  |TAMS 0x0000000083500000, 0x0000000083500000| Untracked 
|   4|0x0000000083600000, 0x0000000083600000, 0x0000000083700000|  0%| F|  |TAMS 0x0000000083600000, 0x0000000083600000| Untracked 
|   5|0x0000000083700000, 0x0000000083700000, 0x0000000083800000|  0%| F|  |TAMS 0x0000000083700000, 0x0000000083700000| Untracked 
|   6|0x0000000083800000, 0x0000000083800000, 0x0000000083900000|  0%| F|  |TAMS 0x0000000083800000, 0x0000000083800000| Untracked 
|   7|0x0000000083900000, 0x0000000083900000, 0x0000000083a00000|  0%| F|  |TAMS 0x0000000083900000, 0x0000000083900000| Untracked 
|   8|0x0000000083a00000, 0x0000000083a00000, 0x0000000083b00000|  0%| F|  |TAMS 0x0000000083a00000, 0x0000000083a00000| Untracked 
|   9|0x0000000083b00000, 0x0000000083b00000, 0x0000000083c00000|  0%| F|  |TAMS 0x0000000083b00000, 0x0000000083b00000| Untracked 
|  10|0x0000000083c00000, 0x0000000083c00000, 0x0000000083d00000|  0%| F|  |TAMS 0x0000000083c00000, 0x0000000083c00000| Untracked 
|  11|0x0000000083d00000, 0x0000000083d00000, 0x0000000083e00000|  0%| F|  |TAMS 0x0000000083d00000, 0x0000000083d00000| Untracked 
|  12|0x0000000083e00000, 0x0000000083e00000, 0x0000000083f00000|  0%| F|  |TAMS 0x0000000083e00000, 0x0000000083e00000| Untracked 
|  13|0x0000000083f00000, 0x0000000083f00000, 0x0000000084000000|  0%| F|  |TAMS 0x0000000083f00000, 0x0000000083f00000| Untracked 
|  14|0x0000000084000000, 0x0000000084000000, 0x0000000084100000|  0%| F|  |TAMS 0x0000000084000000, 0x0000000084000000| Untracked 
|  15|0x0000000084100000, 0x0000000084100000, 0x0000000084200000|  0%| F|  |TAMS 0x0000000084100000, 0x0000000084100000| Untracked 
|  16|0x0000000084200000, 0x0000000084200000, 0x0000000084300000|  0%| F|  |TAMS 0x0000000084200000, 0x0000000084200000| Untracked 
|  17|0x0000000084300000, 0x0000000084300000, 0x0000000084400000|  0%| F|  |TAMS 0x0000000084300000, 0x0000000084300000| Untracked 
|  18|0x0000000084400000, 0x0000000084400000, 0x0000000084500000|  0%| F|  |TAMS 0x0000000084400000, 0x0000000084400000| Untracked 
|  19|0x0000000084500000, 0x0000000084500000, 0x0000000084600000|  0%| F|  |TAMS 0x0000000084500000, 0x0000000084500000| Untracked 
|  20|0x0000000084600000, 0x0000000084600000, 0x0000000084700000|  0%| F|  |TAMS 0x0000000084600000, 0x0000000084600000| Untracked 
|  21|0x0000000084700000, 0x0000000084700000, 0x0000000084800000|  0%| F|  |TAMS 0x0000000084700000, 0x0000000084700000| Untracked 
|  22|0x0000000084800000, 0x0000000084800000, 0x0000000084900000|  0%| F|  |TAMS 0x0000000084800000, 0x0000000084800000| Untracked 
|  23|0x0000000084900000, 0x0000000084900000, 0x0000000084a00000|  0%| F|  |TAMS 0x0000000084900000, 0x0000000084900000| Untracked 
|  24|0x0000000084a00000, 0x0000000084a00000, 0x0000000084b00000|  0%| F|  |TAMS 0x0000000084a00000, 0x0000000084a00000| Untracked 
|  25|0x0000000084b00000, 0x0000000084b00000, 0x0000000084c00000|  0%| F|  |TAMS 0x0000000084b00000, 0x0000000084b00000| Untracked 
|  26|0x0000000084c00000, 0x0000000084c00000, 0x0000000084d00000|  0%| F|  |TAMS 0x0000000084c00000, 0x0000000084c00000| Untracked 
|  27|0x0000000084d00000, 0x0000000084d00000, 0x0000000084e00000|  0%| F|  |TAMS 0x0000000084d00000, 0x0000000084d00000| Untracked 
|  28|0x0000000084e00000, 0x0000000084e00000, 0x0000000084f00000|  0%| F|  |TAMS 0x0000000084e00000, 0x0000000084e00000| Untracked 
|  29|0x0000000084f00000, 0x0000000084f00000, 0x0000000085000000|  0%| F|  |TAMS 0x0000000084f00000, 0x0000000084f00000| Untracked 
|  30|0x0000000085000000, 0x0000000085000000, 0x0000000085100000|  0%| F|  |TAMS 0x0000000085000000, 0x0000000085000000| Untracked 
|  31|0x0000000085100000, 0x0000000085100000, 0x0000000085200000|  0%| F|  |TAMS 0x0000000085100000, 0x0000000085100000| Untracked 
|  32|0x0000000085200000, 0x0000000085200000, 0x0000000085300000|  0%| F|  |TAMS 0x0000000085200000, 0x0000000085200000| Untracked 
|  33|0x0000000085300000, 0x0000000085300000, 0x0000000085400000|  0%| F|  |TAMS 0x0000000085300000, 0x0000000085300000| Untracked 
|  34|0x0000000085400000, 0x0000000085400000, 0x0000000085500000|  0%| F|  |TAMS 0x0000000085400000, 0x0000000085400000| Untracked 
|  35|0x0000000085500000, 0x0000000085500000, 0x0000000085600000|  0%| F|  |TAMS 0x0000000085500000, 0x0000000085500000| Untracked 
|  36|0x0000000085600000, 0x0000000085600000, 0x0000000085700000|  0%| F|  |TAMS 0x0000000085600000, 0x0000000085600000| Untracked 
|  37|0x0000000085700000, 0x0000000085700000, 0x0000000085800000|  0%| F|  |TAMS 0x0000000085700000, 0x0000000085700000| Untracked 
|  38|0x0000000085800000, 0x0000000085800000, 0x0000000085900000|  0%| F|  |TAMS 0x0000000085800000, 0x0000000085800000| Untracked 
|  39|0x0000000085900000, 0x0000000085900000, 0x0000000085a00000|  0%| F|  |TAMS 0x0000000085900000, 0x0000000085900000| Untracked 
|  40|0x0000000085a00000, 0x0000000085a00000, 0x0000000085b00000|  0%| F|  |TAMS 0x0000000085a00000, 0x0000000085a00000| Untracked 
|  41|0x0000000085b00000, 0x0000000085b00000, 0x0000000085c00000|  0%| F|  |TAMS 0x0000000085b00000, 0x0000000085b00000| Untracked 
|  42|0x0000000085c00000, 0x0000000085c00000, 0x0000000085d00000|  0%| F|  |TAMS 0x0000000085c00000, 0x0000000085c00000| Untracked 
|  43|0x0000000085d00000, 0x0000000085d00000, 0x0000000085e00000|  0%| F|  |TAMS 0x0000000085d00000, 0x0000000085d00000| Untracked 
|  44|0x0000000085e00000, 0x0000000085e00000, 0x0000000085f00000|  0%| F|  |TAMS 0x0000000085e00000, 0x0000000085e00000| Untracked 
|  45|0x0000000085f00000, 0x0000000085f00000, 0x0000000086000000|  0%| F|  |TAMS 0x0000000085f00000, 0x0000000085f00000| Untracked 
|  46|0x0000000086000000, 0x0000000086000000, 0x0000000086100000|  0%| F|  |TAMS 0x0000000086000000, 0x0000000086000000| Untracked 
|  47|0x0000000086100000, 0x0000000086100000, 0x0000000086200000|  0%| F|  |TAMS 0x0000000086100000, 0x0000000086100000| Untracked 
|  48|0x0000000086200000, 0x0000000086200000, 0x0000000086300000|  0%| F|  |TAMS 0x0000000086200000, 0x0000000086200000| Untracked 
|  49|0x0000000086300000, 0x0000000086300000, 0x0000000086400000|  0%| F|  |TAMS 0x0000000086300000, 0x0000000086300000| Untracked 
|  50|0x0000000086400000, 0x0000000086400000, 0x0000000086500000|  0%| F|  |TAMS 0x0000000086400000, 0x0000000086400000| Untracked 
|  51|0x0000000086500000, 0x0000000086500000, 0x0000000086600000|  0%| F|  |TAMS 0x0000000086500000, 0x0000000086500000| Untracked 
|  52|0x0000000086600000, 0x0000000086600000, 0x0000000086700000|  0%| F|  |TAMS 0x0000000086600000, 0x0000000086600000| Untracked 
|  53|0x0000000086700000, 0x0000000086700000, 0x0000000086800000|  0%| F|  |TAMS 0x0000000086700000, 0x0000000086700000| Untracked 
|  54|0x0000000086800000, 0x0000000086800000, 0x0000000086900000|  0%| F|  |TAMS 0x0000000086800000, 0x0000000086800000| Untracked 
|  55|0x0000000086900000, 0x0000000086900000, 0x0000000086a00000|  0%| F|  |TAMS 0x0000000086900000, 0x0000000086900000| Untracked 
|  56|0x0000000086a00000, 0x0000000086a00000, 0x0000000086b00000|  0%| F|  |TAMS 0x0000000086a00000, 0x0000000086a00000| Untracked 
|  57|0x0000000086b00000, 0x0000000086b00000, 0x0000000086c00000|  0%| F|  |TAMS 0x0000000086b00000, 0x0000000086b00000| Untracked 
|  58|0x0000000086c00000, 0x0000000086c00000, 0x0000000086d00000|  0%| F|  |TAMS 0x0000000086c00000, 0x0000000086c00000| Untracked 
|  59|0x0000000086d00000, 0x0000000086d00000, 0x0000000086e00000|  0%| F|  |TAMS 0x0000000086d00000, 0x0000000086d00000| Untracked 
|  60|0x0000000086e00000, 0x0000000086e00000, 0x0000000086f00000|  0%| F|  |TAMS 0x0000000086e00000, 0x0000000086e00000| Untracked 
|  61|0x0000000086f00000, 0x0000000086f00000, 0x0000000087000000|  0%| F|  |TAMS 0x0000000086f00000, 0x0000000086f00000| Untracked 
|  62|0x0000000087000000, 0x0000000087000000, 0x0000000087100000|  0%| F|  |TAMS 0x0000000087000000, 0x0000000087000000| Untracked 
|  63|0x0000000087100000, 0x0000000087100000, 0x0000000087200000|  0%| F|  |TAMS 0x0000000087100000, 0x0000000087100000| Untracked 
|  64|0x0000000087200000, 0x0000000087200000, 0x0000000087300000|  0%| F|  |TAMS 0x0000000087200000, 0x0000000087200000| Untracked 
|  65|0x0000000087300000, 0x0000000087300000, 0x0000000087400000|  0%| F|  |TAMS 0x0000000087300000, 0x0000000087300000| Untracked 
|  66|0x0000000087400000, 0x0000000087400000, 0x0000000087500000|  0%| F|  |TAMS 0x0000000087400000, 0x0000000087400000| Untracked 
|  67|0x0000000087500000, 0x0000000087500000, 0x0000000087600000|  0%| F|  |TAMS 0x0000000087500000, 0x0000000087500000| Untracked 
|  68|0x0000000087600000, 0x0000000087600000, 0x0000000087700000|  0%| F|  |TAMS 0x0000000087600000, 0x0000000087600000| Untracked 
|  69|0x0000000087700000, 0x0000000087700000, 0x0000000087800000|  0%| F|  |TAMS 0x0000000087700000, 0x0000000087700000| Untracked 
|  70|0x0000000087800000, 0x0000000087800000, 0x0000000087900000|  0%| F|  |TAMS 0x0000000087800000, 0x0000000087800000| Untracked 
|  71|0x0000000087900000, 0x0000000087900000, 0x0000000087a00000|  0%| F|  |TAMS 0x0000000087900000, 0x0000000087900000| Untracked 
|  72|0x0000000087a00000, 0x0000000087a00000, 0x0000000087b00000|  0%| F|  |TAMS 0x0000000087a00000, 0x0000000087a00000| Untracked 
|  73|0x0000000087b00000, 0x0000000087b00000, 0x0000000087c00000|  0%| F|  |TAMS 0x0000000087b00000, 0x0000000087b00000| Untracked 
|  74|0x0000000087c00000, 0x0000000087c00000, 0x0000000087d00000|  0%| F|  |TAMS 0x0000000087c00000, 0x0000000087c00000| Untracked 
|  75|0x0000000087d00000, 0x0000000087d00000, 0x0000000087e00000|  0%| F|  |TAMS 0x0000000087d00000, 0x0000000087d00000| Untracked 
|  76|0x0000000087e00000, 0x0000000087e00000, 0x0000000087f00000|  0%| F|  |TAMS 0x0000000087e00000, 0x0000000087e00000| Untracked 
|  77|0x0000000087f00000, 0x0000000087f00000, 0x0000000088000000|  0%| F|  |TAMS 0x0000000087f00000, 0x0000000087f00000| Untracked 
|  78|0x0000000088000000, 0x0000000088000000, 0x0000000088100000|  0%| F|  |TAMS 0x0000000088000000, 0x0000000088000000| Untracked 
|  79|0x0000000088100000, 0x0000000088100000, 0x0000000088200000|  0%| F|  |TAMS 0x0000000088100000, 0x0000000088100000| Untracked 
|  80|0x0000000088200000, 0x0000000088200000, 0x0000000088300000|  0%| F|  |TAMS 0x0000000088200000, 0x0000000088200000| Untracked 
|  81|0x0000000088300000, 0x0000000088300000, 0x0000000088400000|  0%| F|  |TAMS 0x0000000088300000, 0x0000000088300000| Untracked 
|  82|0x0000000088400000, 0x0000000088400000, 0x0000000088500000|  0%| F|  |TAMS 0x0000000088400000, 0x0000000088400000| Untracked 
|  83|0x0000000088500000, 0x0000000088500000, 0x0000000088600000|  0%| F|  |TAMS 0x0000000088500000, 0x0000000088500000| Untracked 
|  84|0x0000000088600000, 0x0000000088600000, 0x0000000088700000|  0%| F|  |TAMS 0x0000000088600000, 0x0000000088600000| Untracked 
|  85|0x0000000088700000, 0x0000000088700000, 0x0000000088800000|  0%| F|  |TAMS 0x0000000088700000, 0x0000000088700000| Untracked 
|  86|0x0000000088800000, 0x0000000088800000, 0x0000000088900000|  0%| F|  |TAMS 0x0000000088800000, 0x0000000088800000| Untracked 
|  87|0x0000000088900000, 0x0000000088900000, 0x0000000088a00000|  0%| F|  |TAMS 0x0000000088900000, 0x0000000088900000| Untracked 
|  88|0x0000000088a00000, 0x0000000088a00000, 0x0000000088b00000|  0%| F|  |TAMS 0x0000000088a00000, 0x0000000088a00000| Untracked 
|  89|0x0000000088b00000, 0x0000000088b00000, 0x0000000088c00000|  0%| F|  |TAMS 0x0000000088b00000, 0x0000000088b00000| Untracked 
|  90|0x0000000088c00000, 0x0000000088c00000, 0x0000000088d00000|  0%| F|  |TAMS 0x0000000088c00000, 0x0000000088c00000| Untracked 
|  91|0x0000000088d00000, 0x0000000088d00000, 0x0000000088e00000|  0%| F|  |TAMS 0x0000000088d00000, 0x0000000088d00000| Untracked 
|  92|0x0000000088e00000, 0x0000000088e00000, 0x0000000088f00000|  0%| F|  |TAMS 0x0000000088e00000, 0x0000000088e00000| Untracked 
|  93|0x0000000088f00000, 0x0000000088f00000, 0x0000000089000000|  0%| F|  |TAMS 0x0000000088f00000, 0x0000000088f00000| Untracked 
|  94|0x0000000089000000, 0x0000000089000000, 0x0000000089100000|  0%| F|  |TAMS 0x0000000089000000, 0x0000000089000000| Untracked 
|  95|0x0000000089100000, 0x0000000089100000, 0x0000000089200000|  0%| F|  |TAMS 0x0000000089100000, 0x0000000089100000| Untracked 
|  96|0x0000000089200000, 0x0000000089200000, 0x0000000089300000|  0%| F|  |TAMS 0x0000000089200000, 0x0000000089200000| Untracked 
|  97|0x0000000089300000, 0x0000000089300000, 0x0000000089400000|  0%| F|  |TAMS 0x0000000089300000, 0x0000000089300000| Untracked 
|  98|0x0000000089400000, 0x0000000089400000, 0x0000000089500000|  0%| F|  |TAMS 0x0000000089400000, 0x0000000089400000| Untracked 
|  99|0x0000000089500000, 0x0000000089500000, 0x0000000089600000|  0%| F|  |TAMS 0x0000000089500000, 0x0000000089500000| Untracked 
| 100|0x0000000089600000, 0x0000000089600000, 0x0000000089700000|  0%| F|  |TAMS 0x0000000089600000, 0x0000000089600000| Untracked 
| 101|0x0000000089700000, 0x0000000089700000, 0x0000000089800000|  0%| F|  |TAMS 0x0000000089700000, 0x0000000089700000| Untracked 
| 102|0x0000000089800000, 0x0000000089800000, 0x0000000089900000|  0%| F|  |TAMS 0x0000000089800000, 0x0000000089800000| Untracked 
| 103|0x0000000089900000, 0x0000000089900000, 0x0000000089a00000|  0%| F|  |TAMS 0x0000000089900000, 0x0000000089900000| Untracked 
| 104|0x0000000089a00000, 0x0000000089a00000, 0x0000000089b00000|  0%| F|  |TAMS 0x0000000089a00000, 0x0000000089a00000| Untracked 
| 105|0x0000000089b00000, 0x0000000089b00000, 0x0000000089c00000|  0%| F|  |TAMS 0x0000000089b00000, 0x0000000089b00000| Untracked 
| 106|0x0000000089c00000, 0x0000000089c00000, 0x0000000089d00000|  0%| F|  |TAMS 0x0000000089c00000, 0x0000000089c00000| Untracked 
| 107|0x0000000089d00000, 0x0000000089d00000, 0x0000000089e00000|  0%| F|  |TAMS 0x0000000089d00000, 0x0000000089d00000| Untracked 
| 108|0x0000000089e00000, 0x0000000089e00000, 0x0000000089f00000|  0%| F|  |TAMS 0x0000000089e00000, 0x0000000089e00000| Untracked 
| 109|0x0000000089f00000, 0x0000000089f00000, 0x000000008a000000|  0%| F|  |TAMS 0x0000000089f00000, 0x0000000089f00000| Untracked 
| 110|0x000000008a000000, 0x000000008a000000, 0x000000008a100000|  0%| F|  |TAMS 0x000000008a000000, 0x000000008a000000| Untracked 
| 111|0x000000008a100000, 0x000000008a100000, 0x000000008a200000|  0%| F|  |TAMS 0x000000008a100000, 0x000000008a100000| Untracked 
| 112|0x000000008a200000, 0x000000008a200000, 0x000000008a300000|  0%| F|  |TAMS 0x000000008a200000, 0x000000008a200000| Untracked 
| 113|0x000000008a300000, 0x000000008a300000, 0x000000008a400000|  0%| F|  |TAMS 0x000000008a300000, 0x000000008a300000| Untracked 
| 114|0x000000008a400000, 0x000000008a400000, 0x000000008a500000|  0%| F|  |TAMS 0x000000008a400000, 0x000000008a400000| Untracked 
| 115|0x000000008a500000, 0x000000008a5f78c0, 0x000000008a600000| 96%| E|  |TAMS 0x000000008a500000, 0x000000008a500000| Complete 
| 116|0x000000008a600000, 0x000000008a700000, 0x000000008a700000|100%| E|CS|TAMS 0x000000008a600000, 0x000000008a600000| Complete 
| 117|0x000000008a700000, 0x000000008a800000, 0x000000008a800000|100%| E|CS|TAMS 0x000000008a700000, 0x000000008a700000| Complete 
| 118|0x000000008a800000, 0x000000008a900000, 0x000000008a900000|100%| E|CS|TAMS 0x000000008a800000, 0x000000008a800000| Complete 
| 119|0x000000008a900000, 0x000000008aa00000, 0x000000008aa00000|100%| E|  |TAMS 0x000000008a900000, 0x000000008a900000| Complete 
| 120|0x000000008aa00000, 0x000000008ab00000, 0x000000008ab00000|100%| E|CS|TAMS 0x000000008aa00000, 0x000000008aa00000| Complete 
| 121|0x000000008ab00000, 0x000000008ac00000, 0x000000008ac00000|100%| E|CS|TAMS 0x000000008ab00000, 0x000000008ab00000| Complete 
| 122|0x000000008ac00000, 0x000000008ad00000, 0x000000008ad00000|100%| E|CS|TAMS 0x000000008ac00000, 0x000000008ac00000| Complete 
| 123|0x000000008ad00000, 0x000000008ae00000, 0x000000008ae00000|100%| E|CS|TAMS 0x000000008ad00000, 0x000000008ad00000| Complete 
| 124|0x000000008ae00000, 0x000000008af00000, 0x000000008af00000|100%| E|CS|TAMS 0x000000008ae00000, 0x000000008ae00000| Complete 
| 125|0x000000008af00000, 0x000000008b000000, 0x000000008b000000|100%| E|CS|TAMS 0x000000008af00000, 0x000000008af00000| Complete 

Card table byte_map: [0x000002308f720000,0x000002308fb10000] _byte_map_base: 0x000002308f307000

Marking Bits (Prev, Next): (CMBitMap*) 0x00000230f7b28308, (CMBitMap*) 0x00000230f7b28348
 Prev Bits: [0x000002308ff00000, 0x0000023091e38000)
 Next Bits: [0x0000023091e40000, 0x0000023093d78000)

Polling page: 0x00000230f5ad0000

Metaspace:

Usage:
  Non-class:      4.42 MB capacity,     2.56 MB ( 58%) used,     1.86 MB ( 42%) free+waste,     2.81 KB ( <1%) overhead. 
      Class:    443.00 KB capacity,   260.24 KB ( 59%) used,   181.20 KB ( 41%) free+waste,     1.56 KB ( <1%) overhead. 
       Both:      4.86 MB capacity,     2.81 MB ( 58%) used,     2.04 MB ( 42%) free+waste,     4.38 KB ( <1%) overhead. 

Virtual space:
  Non-class space:        8.00 MB reserved,       4.50 MB ( 56%) committed 
      Class space:        1.00 GB reserved,     512.00 KB ( <1%) committed 
             Both:        1.01 GB reserved,       5.00 MB ( <1%) committed 

Chunk freelists:
   Non-Class:  1.75 KB
       Class:  640 bytes
        Both:  2.38 KB

CodeHeap 'non-profiled nmethods': size=120000Kb used=212Kb max_used=212Kb free=119787Kb
 bounds [0x0000023087ad0000, 0x0000023087d40000, 0x000002308f000000]
CodeHeap 'profiled nmethods': size=120000Kb used=698Kb max_used=875Kb free=119301Kb
 bounds [0x00000230805a0000, 0x0000023080810000, 0x0000023087ad0000]
CodeHeap 'non-nmethods': size=5760Kb used=1171Kb max_used=1197Kb free=4588Kb
 bounds [0x0000023080000000, 0x0000023080270000, 0x00000230805a0000]
 total_blobs=1072 nmethods=472 adapters=272
 compilation: enabled
              stopped_count=0, restarted_count=0
 full_count=0

Compilation events (10 events):
Event: 241.514 Thread 0x00000230967b9000  547       4       java.lang.String::hashCode (49 bytes)
Event: 241.524 Thread 0x00000230967b9000 nmethod 547 0x0000023087b04b90 code [0x0000023087b04d40, 0x0000023087b04fa8]
Event: 268.734 Thread 0x00000230967b9000  548       4       org.eclipse.jdt.launching.internal.org.objectweb.asm.ClassReader::readUnsignedShort (26 bytes)
Event: 268.739 Thread 0x00000230967b9000 nmethod 548 0x0000023087ad4d90 code [0x0000023087ad4f40, 0x0000023087ad5058]
Event: 287.788 Thread 0x00000230967c0000  549       1       org.eclipse.jdt.launching.internal.org.objectweb.asm.MethodWriter::hasAsmInstructions (5 bytes)
Event: 287.789 Thread 0x00000230967c0000 nmethod 549 0x0000023087ad8a90 code [0x0000023087ad8c40, 0x0000023087ad8d78]
Event: 364.396 Thread 0x00000230967b9000  550       4       org.eclipse.jdt.launching.internal.org.objectweb.asm.ClassReader::readUtf (44 bytes)
Event: 364.396 Thread 0x00000230967c0000  551       3       org.eclipse.jdt.launching.internal.org.objectweb.asm.ClassReader::readUtf (161 bytes)
Event: 364.398 Thread 0x00000230967c0000 nmethod 551 0x00000230805a0610 code [0x00000230805a0820, 0x00000230805a0ea0]
Event: 364.442 Thread 0x00000230967b9000 nmethod 550 0x0000023087b05110 code [0x0000023087b05300, 0x0000023087b063d8]

GC Heap History (0 events):
No events

Deoptimization events (6 events):
Event: 0.356 Thread 0x00000230f7ae9800 Uncommon trap: reason=unstable_if action=reinterpret pc=0x0000023087ade5f8 method=java.util.HashMap.putVal(ILjava/lang/Object;Ljava/lang/Object;ZZ)Ljava/lang/Object; @ 181 c2
Event: 0.560 Thread 0x00000230f7ae9800 Uncommon trap: reason=unstable_if action=reinterpret pc=0x0000023087ad5028 method=java.lang.String.isLatin1()Z @ 10 c2
Event: 0.651 Thread 0x00000230f7ae9800 Uncommon trap: reason=unstable_if action=reinterpret pc=0x0000023087aeb28c method=java.lang.AbstractStringBuilder.isLatin1()Z @ 10 c2
Event: 0.686 Thread 0x00000230f7ae9800 Uncommon trap: reason=unstable_if action=reinterpret pc=0x0000023087ad8c54 method=java.lang.String.isLatin1()Z @ 10 c2
Event: 0.686 Thread 0x00000230f7ae9800 Uncommon trap: reason=unstable_if action=reinterpret pc=0x0000023087ae320c method=java.lang.String.isLatin1()Z @ 10 c2
Event: 364.396 Thread 0x0000023097378800 Uncommon trap: reason=unstable_if action=reinterpret pc=0x0000023087b04118 method=java.lang.String.<init>([CIILjava/lang/Void;)V @ 5 c2

Classes redefined (10 events):
Event: 264.200 Thread 0x0000023096790800 redefined class name=jsonParse.JsonParse, count=9
Event: 268.738 Thread 0x0000023096790800 redefined class name=jsonParse.JsonParse, count=10
Event: 276.166 Thread 0x0000023096790800 redefined class name=jsonParse.JsonParse, count=11
Event: 287.792 Thread 0x0000023096790800 redefined class name=jsonParse.JsonParse, count=12
Event: 308.860 Thread 0x0000023096790800 redefined class name=jsonParse.JsonParse, count=13
Event: 364.401 Thread 0x0000023096790800 redefined class name=jsonParse.JsonParse, count=14
Event: 381.601 Thread 0x0000023096790800 redefined class name=jsonParse.JsonParse, count=15
Event: 412.109 Thread 0x0000023096790800 redefined class name=jsonParse.JsonParse, count=16
Event: 413.171 Thread 0x0000023096790800 redefined class name=jsonParse.JsonParse, count=17
Event: 416.168 Thread 0x0000023096790800 redefined class name=jsonParse.JsonParse, count=18

Internal exceptions (0 events):
No events

Events (10 events):
Event: 416.190 Executing VM operation: GetFrameCount done
Event: 416.190 Executing VM operation: GetStackTrace
Event: 416.191 Executing VM operation: GetStackTrace done
Event: 416.217 Executing VM operation: GetFrameCount
Event: 416.217 Executing VM operation: GetFrameCount done
Event: 416.217 Executing VM operation: GetOwnedMonitorInfo
Event: 416.217 Executing VM operation: GetOwnedMonitorInfo done
Event: 416.218 Executing VM operation: GetCurrentContendedMonitor
Event: 416.218 Executing VM operation: GetCurrentContendedMonitor done
Event: 561.186 Executing VM operation: GetOrSetLocal


Dynamic libraries:
0x00007ff6350d0000 - 0x00007ff6350df000 	C:\Program Files\Java\jdk-12.0.1\bin\javaw.exe
0x00007ff8ed6d0000 - 0x00007ff8ed8c5000 	C:\Windows\SYSTEM32\ntdll.dll
0x00007ff8ec510000 - 0x00007ff8ec5ce000 	C:\Windows\System32\KERNEL32.DLL
0x00007ff8eb2f0000 - 0x00007ff8eb5b8000 	C:\Windows\System32\KERNELBASE.dll
0x00007ff8eb5c0000 - 0x00007ff8eb6c0000 	C:\Windows\System32\ucrtbase.dll
0x00007ff886410000 - 0x00007ff886428000 	C:\Program Files\Java\jdk-12.0.1\bin\jli.dll
0x00007ff8863f0000 - 0x00007ff886406000 	C:\Program Files\Java\jdk-12.0.1\bin\VCRUNTIME140.dll
0x00007ff8ecc70000 - 0x00007ff8ecd1c000 	C:\Windows\System32\ADVAPI32.dll
0x00007ff8ebea0000 - 0x00007ff8ebf3e000 	C:\Windows\System32\msvcrt.dll
0x00007ff8ebf40000 - 0x00007ff8ebfdb000 	C:\Windows\System32\sechost.dll
0x00007ff8ec5d0000 - 0x00007ff8ec6fa000 	C:\Windows\System32\RPCRT4.dll
0x00007ff8ed4e0000 - 0x00007ff8ed681000 	C:\Windows\System32\USER32.dll
0x00007ff8eb0f0000 - 0x00007ff8eb112000 	C:\Windows\System32\win32u.dll
0x00007ff8eba70000 - 0x00007ff8eba9b000 	C:\Windows\System32\GDI32.dll
0x00007ff8ce460000 - 0x00007ff8ce6fa000 	C:\Windows\WinSxS\amd64_microsoft.windows.common-controls_6595b64144ccf1df_6.0.19041.1110_none_60b5254171f9507e\COMCTL32.dll
0x00007ff8eb150000 - 0x00007ff8eb25b000 	C:\Windows\System32\gdi32full.dll
0x00007ff8eafa0000 - 0x00007ff8eb03d000 	C:\Windows\System32\msvcp_win.dll
0x00007ff8e0810000 - 0x00007ff8e081a000 	C:\Windows\SYSTEM32\VERSION.dll
0x00007ff8ec700000 - 0x00007ff8ec730000 	C:\Windows\System32\IMM32.DLL
0x00007ff870530000 - 0x00007ff8705da000 	C:\Program Files\Java\jdk-12.0.1\bin\msvcp140.dll
0x00007ff86e260000 - 0x00007ff86edd4000 	C:\Program Files\Java\jdk-12.0.1\bin\server\jvm.dll
0x00007ff8ed460000 - 0x00007ff8ed468000 	C:\Windows\System32\PSAPI.DLL
0x00007ff8e07e0000 - 0x00007ff8e0807000 	C:\Windows\SYSTEM32\WINMM.dll
0x00007ff8cfa00000 - 0x00007ff8cfa09000 	C:\Windows\SYSTEM32\WSOCK32.dll
0x00007ff8ed470000 - 0x00007ff8ed4db000 	C:\Windows\System32\WS2_32.dll
0x00007ff8e9670000 - 0x00007ff8e9682000 	C:\Windows\SYSTEM32\kernel.appcore.dll
0x00007ff883bd0000 - 0x00007ff883be1000 	C:\Program Files\Java\jdk-12.0.1\bin\verify.dll
0x00007ff8e8a30000 - 0x00007ff8e8c14000 	C:\Windows\SYSTEM32\DBGHELP.DLL
0x00007ff8d1d50000 - 0x00007ff8d1d7c000 	C:\Windows\SYSTEM32\dbgcore.DLL
0x00007ff8eb260000 - 0x00007ff8eb2e3000 	C:\Windows\System32\bcryptPrimitives.dll
0x00007ff883ba0000 - 0x00007ff883bc6000 	C:\Program Files\Java\jdk-12.0.1\bin\java.dll
0x00007ff8e1420000 - 0x00007ff8e1458000 	C:\Program Files\Java\jdk-12.0.1\bin\jdwp.dll
0x00007ff8e2a90000 - 0x00007ff8e2a9e000 	C:\Program Files\Java\jdk-12.0.1\bin\instrument.dll
0x00007ff87f700000 - 0x00007ff87f717000 	C:\Program Files\Java\jdk-12.0.1\bin\zip.dll
0x00007ff89b770000 - 0x00007ff89b77a000 	C:\Program Files\Java\jdk-12.0.1\bin\jimage.dll
0x00007ff8ecd20000 - 0x00007ff8ed45f000 	C:\Windows\System32\SHELL32.dll
0x00007ff8e8c20000 - 0x00007ff8e93b0000 	C:\Windows\SYSTEM32\windows.storage.dll
0x00007ff8ec730000 - 0x00007ff8eca85000 	C:\Windows\System32\combase.dll
0x00007ff8ea840000 - 0x00007ff8ea86e000 	C:\Windows\SYSTEM32\Wldp.dll
0x00007ff8ec460000 - 0x00007ff8ec50d000 	C:\Windows\System32\SHCORE.dll
0x00007ff8eb8e0000 - 0x00007ff8eb935000 	C:\Windows\System32\shlwapi.dll
0x00007ff8ead30000 - 0x00007ff8ead4f000 	C:\Windows\SYSTEM32\profapi.dll
0x00007ff8e1c30000 - 0x00007ff8e1c3a000 	C:\Program Files\Java\jdk-12.0.1\bin\dt_socket.dll
0x00007ff8ea5a0000 - 0x00007ff8ea60a000 	C:\Windows\System32\mswsock.dll
0x00007ff8ea290000 - 0x00007ff8ea35b000 	C:\Windows\SYSTEM32\DNSAPI.dll
0x00007ff8ea240000 - 0x00007ff8ea27b000 	C:\Windows\SYSTEM32\IPHLPAPI.DLL
0x00007ff8ecb40000 - 0x00007ff8ecb48000 	C:\Windows\System32\NSI.dll
0x00007ff8de230000 - 0x00007ff8de2af000 	C:\Windows\System32\fwpuclnt.dll
0x00007ff8eb120000 - 0x00007ff8eb147000 	C:\Windows\System32\bcrypt.dll
0x00007ff8dff50000 - 0x00007ff8dff5a000 	C:\Windows\System32\rasadhlp.dll
0x00007ff87f6e0000 - 0x00007ff87f6f9000 	C:\Program Files\Java\jdk-12.0.1\bin\net.dll
0x00007ff8e2400000 - 0x00007ff8e250c000 	C:\Windows\SYSTEM32\WINHTTP.dll
0x00007ff8dc2c0000 - 0x00007ff8dc4ab000 	C:\Windows\SYSTEM32\urlmon.dll
0x00007ff8dbdd0000 - 0x00007ff8dc080000 	C:\Windows\SYSTEM32\iertutil.dll
0x00007ff8dc290000 - 0x00007ff8dc2b8000 	C:\Windows\SYSTEM32\srvcli.dll
0x00007ff8ea280000 - 0x00007ff8ea28c000 	C:\Windows\SYSTEM32\netutils.dll
0x00007ff87f6c0000 - 0x00007ff87f6d3000 	C:\Program Files\Java\jdk-12.0.1\bin\nio.dll

dbghelp: loaded successfully - version: 4.0.5 - missing functions: none
symbol engine: initialized successfully - sym options: 0x614 - pdb path: .;C:\Program Files\Java\jdk-12.0.1\bin;C:\Windows\SYSTEM32;C:\Windows\WinSxS\amd64_microsoft.windows.common-controls_6595b64144ccf1df_6.0.19041.1110_none_60b5254171f9507e;C:\Program Files\Java\jdk-12.0.1\bin\server

VM Arguments:
jvm_args: -agentlib:jdwp=transport=dt_socket,suspend=y,address=localhost:51648 -javaagent:C:\Users\cuest\eclipse\java-2021-09\eclipse\configuration\org.eclipse.osgi\222\0\.cp\lib\javaagent-shaded.jar -Dfile.encoding=Cp1252 
java_command: jsonParse.JsonParse
java_class_path (initial): C:\Users\cuest\clase\psp\reto2Grupo3\euskalmet\target\classes;C:\Users\cuest\.m2\repository\org\hibernate\hibernate-core\5.1.0.Final\hibernate-core-5.1.0.Final.jar;C:\Users\cuest\.m2\repository\org\jboss\logging\jboss-logging\3.3.0.Final\jboss-logging-3.3.0.Final.jar;C:\Users\cuest\.m2\repository\org\hibernate\javax\persistence\hibernate-jpa-2.1-api\1.0.0.Final\hibernate-jpa-2.1-api-1.0.0.Final.jar;C:\Users\cuest\.m2\repository\org\javassist\javassist\3.20.0-GA\javassist-3.20.0-GA.jar;C:\Users\cuest\.m2\repository\antlr\antlr\2.7.7\antlr-2.7.7.jar;C:\Users\cuest\.m2\repository\org\apache\geronimo\specs\geronimo-jta_1.1_spec\1.1.1\geronimo-jta_1.1_spec-1.1.1.jar;C:\Users\cuest\.m2\repository\org\jboss\jandex\2.0.0.Final\jandex-2.0.0.Final.jar;C:\Users\cuest\.m2\repository\com\fasterxml\classmate\1.3.0\classmate-1.3.0.jar;C:\Users\cuest\.m2\repository\dom4j\dom4j\1.6.1\dom4j-1.6.1.jar;C:\Users\cuest\.m2\repository\xml-apis\xml-apis\1.0.b2\xml-apis-1.0.b2.jar;C:\Users\cuest\.m2\repository\org\hibernate\common\hibernate-commons-annotations\5.0.1.Final\hibernate-commons-annotations-5.0.1.Final.jar;C:\Users\cuest\.m2\repository\mysql\mysql-connector-java\5.1.6\mysql-connector-java-5.1.6.jar;C:\Users\cuest\.m2\repository\com\sun\istack\istack-commons-runtime\4.0.0\istack-commons-runtime-4.0.0.jar;C:\Users\cuest\.m2\repository\javax\activation\activation\1.1.1\activation-1.1.1.jar;C:\Users\cuest\.m2\repository\javax\xml\bind\jaxb-api\2.3.1\jaxb-api-2.3.1.jar;C:\Users\cuest\.m2\repository\javax\activation\javax.activation-api\1.2.0\javax.activation-api-1.2.0.jar;C:\Users\cuest\.m2\repository\com\sun\xml\bind\jaxb-impl\2.3.1\jaxb-impl-2.3.1.jar;C:\Users\cuest\.m2\repository\com\googlecode\json-simple\json-simple\1.1.1\json-simple-1.1.1.jar;C:\Users\cuest\.m2\repository\junit\junit\4.10\junit-4.10.jar;C:\Users\cuest\.m2\repository\org\hamcrest\hamcrest-core\1.1\hamcrest-core-1.1.jar
Launcher Type: SUN_STANDARD

[Global flags]
     intx CICompilerCount                          = 4                                         {product} {ergonomic}
     uint ConcGCThreads                            = 2                                         {product} {ergonomic}
     uint G1ConcRefinementThreads                  = 8                                         {product} {ergonomic}
   size_t G1HeapRegionSize                         = 1048576                                   {product} {ergonomic}
    uintx GCDrainStackTargetSize                   = 64                                        {product} {ergonomic}
   size_t InitialHeapSize                          = 132120576                                 {product} {ergonomic}
   size_t MarkStackSize                            = 4194304                                   {product} {ergonomic}
   size_t MaxHeapSize                              = 2095054848                                {product} {ergonomic}
   size_t MaxNewSize                               = 1256194048                                {product} {ergonomic}
   size_t MinHeapDeltaBytes                        = 1048576                                   {product} {ergonomic}
    uintx NonNMethodCodeHeapSize                   = 5836300                                {pd product} {ergonomic}
    uintx NonProfiledCodeHeapSize                  = 122910970                              {pd product} {ergonomic}
    uintx ProfiledCodeHeapSize                     = 122910970                              {pd product} {ergonomic}
    uintx ReservedCodeCacheSize                    = 251658240                              {pd product} {ergonomic}
     bool SegmentedCodeCache                       = true                                      {product} {ergonomic}
     bool UseCompressedClassPointers               = true                                 {lp64_product} {ergonomic}
     bool UseCompressedOops                        = true                                 {lp64_product} {ergonomic}
     bool UseG1GC                                  = true                                      {product} {ergonomic}
     bool UseLargePagesIndividualAllocation        = false                                  {pd product} {ergonomic}

Logging:
Log output configuration:
 #0: stdout all=warning uptime,level,tags
 #1: stderr all=off uptime,level,tags

Environment Variables:
PATH=C:/Users/cuest/.p2/pool/plugins/org.eclipse.justj.openjdk.hotspot.jre.full.win32.x86_64_17.0.0.v20211012-1059/jre/bin/server;C:/Users/cuest/.p2/pool/plugins/org.eclipse.justj.openjdk.hotspot.jre.full.win32.x86_64_17.0.0.v20211012-1059/jre/bin;C:\Program Files (x86)\Common Files\Oracle\Java\javapath;C:\Windows\system32;C:\Windows;C:\Windows\System32\Wbem;C:\Windows\System32\WindowsPowerShell\v1.0\;C:\Windows\System32\OpenSSH\;C:\Program Files\Git\cmd;C:\Program Files\dotnet\;C:\Program Files\Microsoft SQL Server\130\Tools\Binn\;C:\Program Files\Microsoft SQL Server\Client SDK\ODBC\170\Tools\Binn\;C:\Program Files (x86)\dotnet\;C:\Users\cuest\AppData\Local\Microsoft\WindowsApps;C:\Users\cuest\.dotnet\tools;C:\Users\cuest\AppData\Local\Programs\Microsoft VS Code\bin;C:\Program Files\JetBrains\IntelliJ IDEA Community Edition 2021.2.3\bin;;C:\Users\cuest\AppData\Local\GitHubDesktop\bin;C:\Users\cuest\OneDrive\Desktop;
USERNAME=cuest
OS=Windows_NT
PROCESSOR_IDENTIFIER=Intel64 Family 6 Model 140 Stepping 1, GenuineIntel



---------------  S Y S T E M  ---------------

OS: Windows 10 , 64 bit Build 19041 (10.0.19041.1348)

CPU:total 8 (initial active 8) (4 cores per cpu, 2 threads per core) family 6 model 140 stepping 1, cmov, cx8, fxsr, mmx, sse, sse2, sse3, ssse3, sse4.1, sse4.2, popcnt, avx, avx2, aes, clmul, erms, 3dnowpref, lzcnt, ht, tsc, tscinvbit, bmi1, bmi2, adx, evex, sha, fma

Memory: 4k page, system-wide physical 7987M (1047M free)
TotalPageFile size 20275M (AvailPageFile size 10112M)
current process WorkingSet (physical memory assigned to process): 48M, peak: 53M
current process commit charge ("private bytes"): 221M, peak: 227M

vm_info: Java HotSpot(TM) 64-Bit Server VM (12.0.1+12) for windows-amd64 JRE (12.0.1+12), built on Apr  2 2019 14:02:19 by "mach5one" with MS VC++ 15.5 (VS2017)

END.
